mode: set
sereni-storage-provider/internal/api/handlers/health_handler.go:14.72,18.2 1 1
sereni-storage-provider/internal/api/handlers/health_handler.go:28.48,29.67 1 1
sereni-storage-provider/internal/api/handlers/health_handler.go:29.67,35.3 2 1
sereni-storage-provider/internal/api/handlers/health_handler.go:36.2,38.4 1 1
sereni-storage-provider/internal/api/handlers/storage_handler.go:21.113,23.28 2 1
sereni-storage-provider/internal/api/handlers/storage_handler.go:23.28,25.3 1 1
sereni-storage-provider/internal/api/handlers/storage_handler.go:26.2,30.3 1 1
sereni-storage-provider/internal/api/handlers/storage_handler.go:44.49,46.16 2 1
sereni-storage-provider/internal/api/handlers/storage_handler.go:46.16,49.3 2 1
sereni-storage-provider/internal/api/handlers/storage_handler.go:51.2,51.56 1 1
sereni-storage-provider/internal/api/handlers/storage_handler.go:51.56,54.3 2 1
sereni-storage-provider/internal/api/handlers/storage_handler.go:56.2,60.16 4 1
sereni-storage-provider/internal/api/handlers/storage_handler.go:60.16,63.3 2 0
sereni-storage-provider/internal/api/handlers/storage_handler.go:64.2,67.16 3 1
sereni-storage-provider/internal/api/handlers/storage_handler.go:67.16,70.3 2 1
sereni-storage-provider/internal/api/handlers/storage_handler.go:72.2,73.16 2 1
sereni-storage-provider/internal/api/handlers/storage_handler.go:73.16,76.3 2 0
sereni-storage-provider/internal/api/handlers/storage_handler.go:78.2,82.4 1 1
sereni-storage-provider/internal/api/handlers/storage_handler.go:86.54,87.37 1 1
sereni-storage-provider/internal/api/handlers/storage_handler.go:87.37,89.3 1 0
sereni-storage-provider/internal/api/handlers/storage_handler.go:90.2,90.38 1 1
sereni-storage-provider/internal/api/handlers/storage_handler.go:94.103,99.56 5 1
sereni-storage-provider/internal/api/handlers/storage_handler.go:99.56,101.3 1 1
sereni-storage-provider/internal/api/handlers/storage_handler.go:102.2,102.28 1 1
sereni-storage-provider/internal/api/handlers/storage_handler.go:102.28,104.3 1 0
sereni-storage-provider/internal/api/handlers/storage_handler.go:105.2,105.50 1 1
sereni-storage-provider/internal/api/handlers/storage_handler.go:105.50,107.3 1 1
sereni-storage-provider/internal/api/handlers/storage_handler.go:108.2,108.65 1 1
sereni-storage-provider/internal/api/handlers/storage_handler.go:115.43,117.2 1 1
sereni-storage-provider/internal/api/handlers/storage_handler.go:120.83,121.36 1 1
sereni-storage-provider/internal/api/handlers/storage_handler.go:121.36,122.26 1 1
sereni-storage-provider/internal/api/handlers/storage_handler.go:122.26,124.4 1 1
sereni-storage-provider/internal/api/handlers/storage_handler.go:125.3,127.43 3 1
sereni-storage-provider/internal/api/handlers/storage_handler.go:127.43,128.50 1 1
sereni-storage-provider/internal/api/handlers/storage_handler.go:128.50,130.5 1 1
sereni-storage-provider/internal/api/handlers/storage_handler.go:131.4,131.56 1 1
sereni-storage-provider/internal/api/handlers/storage_handler.go:131.56,133.5 1 0
sereni-storage-provider/internal/api/handlers/storage_handler.go:136.2,136.14 1 1
sereni-storage-provider/internal/api/handlers/storage_handler.go:149.51,153.22 2 1
sereni-storage-provider/internal/api/handlers/storage_handler.go:153.22,156.3 2 1
sereni-storage-provider/internal/api/handlers/storage_handler.go:158.2,159.16 2 1
sereni-storage-provider/internal/api/handlers/storage_handler.go:159.16,160.14 1 1
sereni-storage-provider/internal/api/handlers/storage_handler.go:161.32,163.10 2 1
sereni-storage-provider/internal/api/handlers/storage_handler.go:164.34,166.10 2 1
sereni-storage-provider/internal/api/handlers/storage_handler.go:167.11,169.10 2 0
sereni-storage-provider/internal/api/handlers/storage_handler.go:172.2,186.16 6 1
sereni-storage-provider/internal/api/handlers/storage_handler.go:186.17,188.3 0 0
sereni-storage-provider/internal/api/handlers/storage_handler.go:201.49,203.22 2 1
sereni-storage-provider/internal/api/handlers/storage_handler.go:203.22,206.3 2 1
sereni-storage-provider/internal/api/handlers/storage_handler.go:208.2,209.16 2 1
sereni-storage-provider/internal/api/handlers/storage_handler.go:209.16,210.14 1 1
sereni-storage-provider/internal/api/handlers/storage_handler.go:211.32,213.10 2 1
sereni-storage-provider/internal/api/handlers/storage_handler.go:214.34,216.10 2 1
sereni-storage-provider/internal/api/handlers/storage_handler.go:217.11,219.10 2 0
sereni-storage-provider/internal/api/handlers/storage_handler.go:223.2,223.70 1 1
sereni-storage-provider/internal/api/middleware/middleware.go:14.34,15.30 1 1
sereni-storage-provider/internal/api/middleware/middleware.go:15.30,19.3 3 1
sereni-storage-provider/internal/api/middleware/middleware.go:32.13,34.2 1 1
sereni-storage-provider/internal/api/middleware/middleware.go:37.16,39.2 1 1
sereni-storage-provider/internal/api/middleware/middleware.go:42.71,45.6 3 1
sereni-storage-provider/internal/api/middleware/middleware.go:45.6,46.10 1 1
sereni-storage-provider/internal/api/middleware/middleware.go:47.21,48.10 1 1
sereni-storage-provider/internal/api/middleware/middleware.go:49.19,52.30 3 1
sereni-storage-provider/internal/api/middleware/middleware.go:52.30,54.30 2 1
sereni-storage-provider/internal/api/middleware/middleware.go:54.30,56.6 1 1
sereni-storage-provider/internal/api/middleware/middleware.go:57.5,57.18 1 1
sereni-storage-provider/internal/api/middleware/middleware.go:59.4,59.22 1 1
sereni-storage-provider/internal/api/middleware/middleware.go:64.37,68.9 4 1
sereni-storage-provider/internal/api/middleware/middleware.go:68.9,71.3 2 1
sereni-storage-provider/internal/api/middleware/middleware.go:72.2,72.10 1 1
sereni-storage-provider/internal/api/middleware/middleware.go:76.34,77.30 1 1
sereni-storage-provider/internal/api/middleware/middleware.go:77.30,84.20 7 1
sereni-storage-provider/internal/api/middleware/middleware.go:84.20,86.4 1 1
sereni-storage-provider/internal/api/middleware/middleware.go:87.3,88.19 2 1
sereni-storage-provider/internal/api/middleware/middleware.go:88.19,92.4 3 1
sereni-storage-provider/internal/api/middleware/middleware.go:93.3,95.11 3 1
sereni-storage-provider/internal/api/routes/routes.go:13.138,21.2 4 1
sereni-storage-provider/internal/api/routes/routes.go:21.2,25.3 3 1
sereni-storage-provider/internal/api/routes/routes.go:25.3,29.4 3 1
sereni-storage-provider/internal/config/config.go:50.35,59.45 6 1
sereni-storage-provider/internal/config/config.go:59.46,61.3 0 1
sereni-storage-provider/internal/config/config.go:64.2,91.17 23 1
sereni-storage-provider/internal/providers/storage/factory.go:14.119,15.44 1 1
sereni-storage-provider/internal/providers/storage/factory.go:16.22,17.67 1 1
sereni-storage-provider/internal/providers/storage/factory.go:19.15,20.58 1 1
sereni-storage-provider/internal/providers/storage/factory.go:22.19,23.50 1 1
sereni-storage-provider/internal/providers/storage/factory.go:25.10,26.78 1 1
sereni-storage-provider/internal/providers/storage/local/local_storage.go:23.128,24.20 1 1
sereni-storage-provider/internal/providers/storage/local/local_storage.go:24.20,26.3 1 1
sereni-storage-provider/internal/providers/storage/local/local_storage.go:29.2,29.66 1 1
sereni-storage-provider/internal/providers/storage/local/local_storage.go:29.66,31.3 1 0
sereni-storage-provider/internal/providers/storage/local/local_storage.go:32.2,33.16 2 1
sereni-storage-provider/internal/providers/storage/local/local_storage.go:33.16,35.3 1 0
sereni-storage-provider/internal/providers/storage/local/local_storage.go:38.2,46.8 2 1
sereni-storage-provider/internal/providers/storage/local/local_storage.go:49.85,52.16 2 1
sereni-storage-provider/internal/providers/storage/local/local_storage.go:52.16,54.3 1 1
sereni-storage-provider/internal/providers/storage/local/local_storage.go:57.2,58.16 2 1
sereni-storage-provider/internal/providers/storage/local/local_storage.go:58.16,59.25 1 1
sereni-storage-provider/internal/providers/storage/local/local_storage.go:59.25,61.4 1 1
sereni-storage-provider/internal/providers/storage/local/local_storage.go:62.3,62.13 1 0
sereni-storage-provider/internal/providers/storage/local/local_storage.go:65.2,65.22 1 1
sereni-storage-provider/internal/providers/storage/local/local_storage.go:65.22,67.3 1 1
sereni-storage-provider/internal/providers/storage/local/local_storage.go:69.2,69.44 1 1
sereni-storage-provider/internal/providers/storage/local/local_storage.go:69.44,71.3 1 0
sereni-storage-provider/internal/providers/storage/local/local_storage.go:72.2,72.12 1 1
sereni-storage-provider/internal/providers/storage/local/local_storage.go:75.104,77.16 2 1
sereni-storage-provider/internal/providers/storage/local/local_storage.go:77.16,79.3 1 1
sereni-storage-provider/internal/providers/storage/local/local_storage.go:80.2,81.16 2 1
sereni-storage-provider/internal/providers/storage/local/local_storage.go:81.16,82.25 1 1
sereni-storage-provider/internal/providers/storage/local/local_storage.go:82.25,84.4 1 1
sereni-storage-provider/internal/providers/storage/local/local_storage.go:85.3,85.18 1 0
sereni-storage-provider/internal/providers/storage/local/local_storage.go:87.2,87.15 1 1
sereni-storage-provider/internal/providers/storage/local/local_storage.go:90.93,92.16 2 1
sereni-storage-provider/internal/providers/storage/local/local_storage.go:92.16,94.3 1 0
sereni-storage-provider/internal/providers/storage/local/local_storage.go:95.2,96.16 2 1
sereni-storage-provider/internal/providers/storage/local/local_storage.go:96.16,98.3 1 1
sereni-storage-provider/internal/providers/storage/local/local_storage.go:99.2,99.24 1 1
sereni-storage-provider/internal/providers/storage/local/local_storage.go:99.24,101.3 1 1
sereni-storage-provider/internal/providers/storage/local/local_storage.go:102.2,102.19 1 0
sereni-storage-provider/internal/providers/storage/local/local_storage.go:105.145,107.79 1 1
sereni-storage-provider/internal/providers/storage/local/local_storage.go:107.79,109.3 1 1
sereni-storage-provider/internal/providers/storage/local/local_storage.go:111.2,112.16 2 1
sereni-storage-provider/internal/providers/storage/local/local_storage.go:112.16,114.3 1 0
sereni-storage-provider/internal/providers/storage/local/local_storage.go:117.2,117.66 1 1
sereni-storage-provider/internal/providers/storage/local/local_storage.go:117.66,119.3 1 0
sereni-storage-provider/internal/providers/storage/local/local_storage.go:121.2,122.16 2 1
sereni-storage-provider/internal/providers/storage/local/local_storage.go:122.16,124.3 1 0
sereni-storage-provider/internal/providers/storage/local/local_storage.go:125.2,128.14 2 1
sereni-storage-provider/internal/providers/storage/local/local_storage.go:128.14,130.3 1 1
sereni-storage-provider/internal/providers/storage/local/local_storage.go:130.8,132.3 1 1
sereni-storage-provider/internal/providers/storage/local/local_storage.go:134.2,134.16 1 1
sereni-storage-provider/internal/providers/storage/local/local_storage.go:134.16,136.3 1 0
sereni-storage-provider/internal/providers/storage/local/local_storage.go:138.2,138.34 1 1
sereni-storage-provider/internal/providers/storage/local/local_storage.go:141.95,147.2 2 1
sereni-storage-provider/internal/providers/storage/local/local_storage.go:149.71,151.43 1 1
sereni-storage-provider/internal/providers/storage/local/local_storage.go:151.43,153.3 1 1
sereni-storage-provider/internal/providers/storage/local/local_storage.go:154.2,154.12 1 1
sereni-storage-provider/internal/providers/storage/minio/minio_storage.go:21.98,26.16 2 1
sereni-storage-provider/internal/providers/storage/minio/minio_storage.go:26.16,28.3 1 1
sereni-storage-provider/internal/providers/storage/minio/minio_storage.go:31.2,35.16 4 1
sereni-storage-provider/internal/providers/storage/minio/minio_storage.go:35.16,37.3 1 1
sereni-storage-provider/internal/providers/storage/minio/minio_storage.go:38.2,38.13 1 0
sereni-storage-provider/internal/providers/storage/minio/minio_storage.go:38.13,43.3 1 0
sereni-storage-provider/internal/providers/storage/minio/minio_storage.go:45.2,48.8 1 0
sereni-storage-provider/internal/providers/storage/minio/minio_storage.go:51.85,53.2 1 1
sereni-storage-provider/internal/providers/storage/minio/minio_storage.go:55.104,57.16 2 1
sereni-storage-provider/internal/providers/storage/minio/minio_storage.go:57.16,59.3 1 1
sereni-storage-provider/internal/providers/storage/minio/minio_storage.go:61.2,62.16 2 0
sereni-storage-provider/internal/providers/storage/minio/minio_storage.go:62.16,64.3 1 0
sereni-storage-provider/internal/providers/storage/minio/minio_storage.go:65.2,65.17 1 0
sereni-storage-provider/internal/providers/storage/minio/minio_storage.go:68.93,70.16 2 1
sereni-storage-provider/internal/providers/storage/minio/minio_storage.go:70.16,71.53 1 1
sereni-storage-provider/internal/providers/storage/minio/minio_storage.go:71.53,73.4 1 1
sereni-storage-provider/internal/providers/storage/minio/minio_storage.go:74.3,74.20 1 1
sereni-storage-provider/internal/providers/storage/minio/minio_storage.go:76.2,76.18 1 1
sereni-storage-provider/internal/providers/storage/minio/minio_storage.go:79.145,86.16 2 1
sereni-storage-provider/internal/providers/storage/minio/minio_storage.go:86.16,88.3 1 1
sereni-storage-provider/internal/providers/storage/minio/minio_storage.go:90.2,90.34 1 1
sereni-storage-provider/internal/providers/storage/minio/minio_storage.go:93.95,97.2 2 1
sereni-storage-provider/internal/providers/storage/minio/minio_storage.go:99.71,102.16 2 1
sereni-storage-provider/internal/providers/storage/minio/minio_storage.go:102.16,104.3 1 1
sereni-storage-provider/internal/providers/storage/minio/minio_storage.go:105.2,105.13 1 1
sereni-storage-provider/internal/providers/storage/minio/minio_storage.go:105.13,107.3 1 1
sereni-storage-provider/internal/providers/storage/minio/minio_storage.go:108.2,108.12 1 1
sereni-storage-provider/internal/providers/storage/s3/s3_storage.go:26.97,39.16 4 1
sereni-storage-provider/internal/providers/storage/s3/s3_storage.go:39.16,41.3 1 0
sereni-storage-provider/internal/providers/storage/s3/s3_storage.go:43.2,43.57 1 1
sereni-storage-provider/internal/providers/storage/s3/s3_storage.go:43.57,44.23 1 1
sereni-storage-provider/internal/providers/storage/s3/s3_storage.go:44.23,46.4 1 0
sereni-storage-provider/internal/providers/storage/s3/s3_storage.go:47.3,47.25 1 1
sereni-storage-provider/internal/providers/storage/s3/s3_storage.go:47.25,49.4 1 0
sereni-storage-provider/internal/providers/storage/s3/s3_storage.go:52.2,59.8 2 1
sereni-storage-provider/internal/providers/storage/s3/s3_storage.go:62.82,68.2 2 1
sereni-storage-provider/internal/providers/storage/s3/s3_storage.go:70.101,75.16 2 1
sereni-storage-provider/internal/providers/storage/s3/s3_storage.go:75.16,77.3 1 1
sereni-storage-provider/internal/providers/storage/s3/s3_storage.go:78.2,78.22 1 1
sereni-storage-provider/internal/providers/storage/s3/s3_storage.go:81.90,86.16 2 1
sereni-storage-provider/internal/providers/storage/s3/s3_storage.go:86.16,88.3 1 1
sereni-storage-provider/internal/providers/storage/s3/s3_storage.go:89.2,89.18 1 1
sereni-storage-provider/internal/providers/storage/s3/s3_storage.go:92.142,101.16 3 1
sereni-storage-provider/internal/providers/storage/s3/s3_storage.go:101.16,103.3 1 1
sereni-storage-provider/internal/providers/storage/s3/s3_storage.go:105.2,105.34 1 1
sereni-storage-provider/internal/providers/storage/s3/s3_storage.go:108.92,109.45 1 1
sereni-storage-provider/internal/providers/storage/s3/s3_storage.go:109.45,115.17 3 1
sereni-storage-provider/internal/providers/storage/s3/s3_storage.go:115.17,118.4 1 0
sereni-storage-provider/internal/providers/storage/s3/s3_storage.go:119.3,119.22 1 1
sereni-storage-provider/internal/providers/storage/s3/s3_storage.go:122.2,122.94 1 1
sereni-storage-provider/internal/providers/storage/s3/s3_storage.go:125.68,130.16 2 1
sereni-storage-provider/internal/providers/storage/s3/s3_storage.go:130.16,132.3 1 1
sereni-storage-provider/internal/providers/storage/s3/s3_storage.go:133.2,133.12 1 1
sereni-storage-provider/internal/services/storage_service.go:18.77,22.2 1 1
sereni-storage-provider/internal/services/storage_service.go:26.40,37.14 4 1
sereni-storage-provider/internal/services/storage_service.go:37.14,39.3 1 1
sereni-storage-provider/internal/services/storage_service.go:40.2,40.32 1 1
sereni-storage-provider/internal/services/storage_service.go:40.32,42.3 1 1
sereni-storage-provider/internal/services/storage_service.go:44.2,45.10 2 1
sereni-storage-provider/internal/services/storage_service.go:53.123,55.16 2 1
sereni-storage-provider/internal/services/storage_service.go:55.16,57.3 1 0
sereni-storage-provider/internal/services/storage_service.go:58.2,62.21 4 1
sereni-storage-provider/internal/services/storage_service.go:62.21,65.3 1 1
sereni-storage-provider/internal/services/storage_service.go:67.2,67.34 1 1
sereni-storage-provider/internal/services/storage_service.go:67.34,69.3 1 1
sereni-storage-provider/internal/services/storage_service.go:71.2,72.16 2 1
sereni-storage-provider/internal/services/storage_service.go:72.16,74.3 1 1
sereni-storage-provider/internal/services/storage_service.go:76.2,79.8 1 1
sereni-storage-provider/internal/services/storage_service.go:82.91,84.2 1 1
sereni-storage-provider/internal/services/storage_service.go:86.77,88.2 1 1
sereni-storage-provider/internal/services/storage_service.go:90.85,92.2 1 1
sereni-storage-provider/internal/services/storage_service.go:94.87,96.2 1 1
sereni-storage-provider/internal/services/storage_service.go:98.65,100.2 1 1
sereni-storage-provider/internal/utils/file/file.go:9.64,11.16 2 1
sereni-storage-provider/internal/utils/file/file.go:11.16,12.17 1 1
sereni-storage-provider/internal/utils/file/file.go:12.17,14.4 1 1
sereni-storage-provider/internal/utils/file/file.go:15.3,15.21 1 1
sereni-storage-provider/internal/utils/file/file.go:17.2,17.24 1 1
sereni-storage-provider/internal/utils/file/file.go:17.24,19.3 1 1
sereni-storage-provider/internal/utils/file/file.go:20.2,20.12 1 0
sereni-storage-provider/internal/utils/file/file.go:26.61,31.29 3 1
sereni-storage-provider/internal/utils/file/file.go:31.29,33.3 1 1
sereni-storage-provider/internal/utils/file/file.go:36.2,37.16 2 1
sereni-storage-provider/internal/utils/file/file.go:37.16,39.3 1 0
sereni-storage-provider/internal/utils/file/file.go:42.2,42.34 1 1
sereni-storage-provider/internal/utils/file/file.go:42.34,44.3 1 1
sereni-storage-provider/internal/utils/file/file.go:45.2,45.42 1 1
