mode: atomic
github.com/aptlogica/sereni-storage-provider/docs/docs.go:290.13,292.2 1 1
github.com/aptlogica/sereni-storage-provider/internal/api/handlers/health_handler.go:18.72,22.2 1 4
github.com/aptlogica/sereni-storage-provider/internal/api/handlers/health_handler.go:32.48,33.67 1 3
github.com/aptlogica/sereni-storage-provider/internal/api/handlers/health_handler.go:33.67,39.3 2 1
github.com/aptlogica/sereni-storage-provider/internal/api/handlers/health_handler.go:40.2,42.4 1 2
github.com/aptlogica/sereni-storage-provider/internal/api/handlers/storage_handler.go:31.113,33.28 2 30
github.com/aptlogica/sereni-storage-provider/internal/api/handlers/storage_handler.go:33.28,35.3 1 9
github.com/aptlogica/sereni-storage-provider/internal/api/handlers/storage_handler.go:36.2,40.3 1 30
github.com/aptlogica/sereni-storage-provider/internal/api/handlers/storage_handler.go:54.49,56.16 2 9
github.com/aptlogica/sereni-storage-provider/internal/api/handlers/storage_handler.go:56.16,59.3 2 2
github.com/aptlogica/sereni-storage-provider/internal/api/handlers/storage_handler.go:61.2,61.56 1 7
github.com/aptlogica/sereni-storage-provider/internal/api/handlers/storage_handler.go:61.56,64.3 2 1
github.com/aptlogica/sereni-storage-provider/internal/api/handlers/storage_handler.go:66.2,70.16 4 6
github.com/aptlogica/sereni-storage-provider/internal/api/handlers/storage_handler.go:70.16,73.3 2 0
github.com/aptlogica/sereni-storage-provider/internal/api/handlers/storage_handler.go:74.2,77.16 3 6
github.com/aptlogica/sereni-storage-provider/internal/api/handlers/storage_handler.go:77.16,80.3 2 1
github.com/aptlogica/sereni-storage-provider/internal/api/handlers/storage_handler.go:82.2,83.16 2 5
github.com/aptlogica/sereni-storage-provider/internal/api/handlers/storage_handler.go:83.16,86.3 2 1
github.com/aptlogica/sereni-storage-provider/internal/api/handlers/storage_handler.go:88.2,92.4 1 4
github.com/aptlogica/sereni-storage-provider/internal/api/handlers/storage_handler.go:96.54,97.37 1 6
github.com/aptlogica/sereni-storage-provider/internal/api/handlers/storage_handler.go:97.37,99.3 1 1
github.com/aptlogica/sereni-storage-provider/internal/api/handlers/storage_handler.go:100.2,100.38 1 5
github.com/aptlogica/sereni-storage-provider/internal/api/handlers/storage_handler.go:104.103,109.56 5 6
github.com/aptlogica/sereni-storage-provider/internal/api/handlers/storage_handler.go:109.56,111.3 1 6
github.com/aptlogica/sereni-storage-provider/internal/api/handlers/storage_handler.go:112.2,112.28 1 6
github.com/aptlogica/sereni-storage-provider/internal/api/handlers/storage_handler.go:112.28,114.3 1 1
github.com/aptlogica/sereni-storage-provider/internal/api/handlers/storage_handler.go:115.2,115.50 1 5
github.com/aptlogica/sereni-storage-provider/internal/api/handlers/storage_handler.go:115.50,117.3 1 4
github.com/aptlogica/sereni-storage-provider/internal/api/handlers/storage_handler.go:118.2,118.65 1 1
github.com/aptlogica/sereni-storage-provider/internal/api/handlers/storage_handler.go:125.43,127.2 1 1
github.com/aptlogica/sereni-storage-provider/internal/api/handlers/storage_handler.go:130.83,131.36 1 5
github.com/aptlogica/sereni-storage-provider/internal/api/handlers/storage_handler.go:131.36,132.26 1 5
github.com/aptlogica/sereni-storage-provider/internal/api/handlers/storage_handler.go:132.26,134.4 1 3
github.com/aptlogica/sereni-storage-provider/internal/api/handlers/storage_handler.go:135.3,137.43 3 2
github.com/aptlogica/sereni-storage-provider/internal/api/handlers/storage_handler.go:137.43,138.50 1 2
github.com/aptlogica/sereni-storage-provider/internal/api/handlers/storage_handler.go:138.50,140.5 1 1
github.com/aptlogica/sereni-storage-provider/internal/api/handlers/storage_handler.go:141.4,141.56 1 1
github.com/aptlogica/sereni-storage-provider/internal/api/handlers/storage_handler.go:141.56,143.5 1 0
github.com/aptlogica/sereni-storage-provider/internal/api/handlers/storage_handler.go:146.2,146.14 1 1
github.com/aptlogica/sereni-storage-provider/internal/api/handlers/storage_handler.go:159.51,163.22 2 6
github.com/aptlogica/sereni-storage-provider/internal/api/handlers/storage_handler.go:163.22,166.3 2 2
github.com/aptlogica/sereni-storage-provider/internal/api/handlers/storage_handler.go:168.2,169.16 2 4
github.com/aptlogica/sereni-storage-provider/internal/api/handlers/storage_handler.go:169.16,170.14 1 3
github.com/aptlogica/sereni-storage-provider/internal/api/handlers/storage_handler.go:171.32,173.10 2 1
github.com/aptlogica/sereni-storage-provider/internal/api/handlers/storage_handler.go:174.34,176.10 2 1
github.com/aptlogica/sereni-storage-provider/internal/api/handlers/storage_handler.go:177.11,179.10 2 1
github.com/aptlogica/sereni-storage-provider/internal/api/handlers/storage_handler.go:182.2,196.16 6 1
github.com/aptlogica/sereni-storage-provider/internal/api/handlers/storage_handler.go:196.17,198.3 0 0
github.com/aptlogica/sereni-storage-provider/internal/api/handlers/storage_handler.go:211.49,213.22 2 6
github.com/aptlogica/sereni-storage-provider/internal/api/handlers/storage_handler.go:213.22,216.3 2 2
github.com/aptlogica/sereni-storage-provider/internal/api/handlers/storage_handler.go:218.2,219.16 2 4
github.com/aptlogica/sereni-storage-provider/internal/api/handlers/storage_handler.go:219.16,220.14 1 3
github.com/aptlogica/sereni-storage-provider/internal/api/handlers/storage_handler.go:221.32,223.10 2 1
github.com/aptlogica/sereni-storage-provider/internal/api/handlers/storage_handler.go:224.34,226.10 2 1
github.com/aptlogica/sereni-storage-provider/internal/api/handlers/storage_handler.go:227.11,229.10 2 1
github.com/aptlogica/sereni-storage-provider/internal/api/handlers/storage_handler.go:233.2,233.70 1 1
github.com/aptlogica/sereni-storage-provider/internal/api/handlers/storage_handler.go:247.57,249.16 2 10
github.com/aptlogica/sereni-storage-provider/internal/api/handlers/storage_handler.go:249.16,252.3 2 1
github.com/aptlogica/sereni-storage-provider/internal/api/handlers/storage_handler.go:254.2,255.16 2 9
github.com/aptlogica/sereni-storage-provider/internal/api/handlers/storage_handler.go:255.16,256.14 1 2
github.com/aptlogica/sereni-storage-provider/internal/api/handlers/storage_handler.go:257.32,259.10 2 1
github.com/aptlogica/sereni-storage-provider/internal/api/handlers/storage_handler.go:260.34,262.10 2 0
github.com/aptlogica/sereni-storage-provider/internal/api/handlers/storage_handler.go:263.11,265.10 2 1
github.com/aptlogica/sereni-storage-provider/internal/api/handlers/storage_handler.go:269.2,278.33 3 7
github.com/aptlogica/sereni-storage-provider/internal/api/handlers/storage_handler.go:282.38,284.18 2 7
github.com/aptlogica/sereni-storage-provider/internal/api/handlers/storage_handler.go:284.18,286.3 1 3
github.com/aptlogica/sereni-storage-provider/internal/api/handlers/storage_handler.go:287.2,288.46 2 4
github.com/aptlogica/sereni-storage-provider/internal/api/handlers/storage_handler.go:288.46,291.3 2 6
github.com/aptlogica/sereni-storage-provider/internal/api/handlers/storage_handler.go:292.2,292.76 1 4
github.com/aptlogica/sereni-storage-provider/internal/api/middleware/middleware.go:18.34,19.30 1 1
github.com/aptlogica/sereni-storage-provider/internal/api/middleware/middleware.go:19.30,23.3 3 1
github.com/aptlogica/sereni-storage-provider/internal/api/middleware/middleware.go:36.13,38.2 1 1
github.com/aptlogica/sereni-storage-provider/internal/api/middleware/middleware.go:41.16,43.2 1 1
github.com/aptlogica/sereni-storage-provider/internal/api/middleware/middleware.go:46.71,49.6 3 2
github.com/aptlogica/sereni-storage-provider/internal/api/middleware/middleware.go:49.6,50.10 1 12
github.com/aptlogica/sereni-storage-provider/internal/api/middleware/middleware.go:51.21,52.10 1 1
github.com/aptlogica/sereni-storage-provider/internal/api/middleware/middleware.go:53.19,56.30 3 10
github.com/aptlogica/sereni-storage-provider/internal/api/middleware/middleware.go:56.30,58.30 2 11
github.com/aptlogica/sereni-storage-provider/internal/api/middleware/middleware.go:58.30,60.6 1 1
github.com/aptlogica/sereni-storage-provider/internal/api/middleware/middleware.go:61.5,61.18 1 11
github.com/aptlogica/sereni-storage-provider/internal/api/middleware/middleware.go:63.4,63.22 1 10
github.com/aptlogica/sereni-storage-provider/internal/api/middleware/middleware.go:68.37,72.9 4 14
github.com/aptlogica/sereni-storage-provider/internal/api/middleware/middleware.go:72.9,75.3 2 2
github.com/aptlogica/sereni-storage-provider/internal/api/middleware/middleware.go:76.2,76.10 1 14
github.com/aptlogica/sereni-storage-provider/internal/api/middleware/middleware.go:80.34,81.30 1 1
github.com/aptlogica/sereni-storage-provider/internal/api/middleware/middleware.go:81.30,88.20 7 12
github.com/aptlogica/sereni-storage-provider/internal/api/middleware/middleware.go:88.20,90.4 1 1
github.com/aptlogica/sereni-storage-provider/internal/api/middleware/middleware.go:91.3,92.19 2 12
github.com/aptlogica/sereni-storage-provider/internal/api/middleware/middleware.go:92.19,96.4 3 2
github.com/aptlogica/sereni-storage-provider/internal/api/middleware/middleware.go:97.3,99.11 3 10
github.com/aptlogica/sereni-storage-provider/internal/api/routes/routes.go:17.138,25.2 4 1
github.com/aptlogica/sereni-storage-provider/internal/api/routes/routes.go:25.2,29.3 3 1
github.com/aptlogica/sereni-storage-provider/internal/api/routes/routes.go:29.3,34.4 4 1
github.com/aptlogica/sereni-storage-provider/internal/config/config.go:59.35,68.45 6 3
github.com/aptlogica/sereni-storage-provider/internal/config/config.go:68.46,70.3 0 1
github.com/aptlogica/sereni-storage-provider/internal/config/config.go:73.2,89.37 15 3
github.com/aptlogica/sereni-storage-provider/internal/config/config.go:89.37,91.3 1 3
github.com/aptlogica/sereni-storage-provider/internal/config/config.go:91.8,93.44 2 0
github.com/aptlogica/sereni-storage-provider/internal/config/config.go:93.44,95.4 1 0
github.com/aptlogica/sereni-storage-provider/internal/config/config.go:98.2,113.17 13 3
github.com/aptlogica/sereni-storage-provider/internal/providers/storage/factory.go:18.119,19.44 1 6
github.com/aptlogica/sereni-storage-provider/internal/providers/storage/factory.go:20.22,21.67 1 2
github.com/aptlogica/sereni-storage-provider/internal/providers/storage/factory.go:23.15,24.69 1 1
github.com/aptlogica/sereni-storage-provider/internal/providers/storage/factory.go:26.19,27.50 1 2
github.com/aptlogica/sereni-storage-provider/internal/providers/storage/factory.go:29.10,30.78 1 1
github.com/aptlogica/sereni-storage-provider/internal/providers/storage/local/local_storage.go:27.128,28.16 1 13
github.com/aptlogica/sereni-storage-provider/internal/providers/storage/local/local_storage.go:28.16,30.3 1 0
github.com/aptlogica/sereni-storage-provider/internal/providers/storage/local/local_storage.go:31.2,31.20 1 13
github.com/aptlogica/sereni-storage-provider/internal/providers/storage/local/local_storage.go:31.20,33.3 1 1
github.com/aptlogica/sereni-storage-provider/internal/providers/storage/local/local_storage.go:36.2,36.66 1 12
github.com/aptlogica/sereni-storage-provider/internal/providers/storage/local/local_storage.go:36.66,38.3 1 0
github.com/aptlogica/sereni-storage-provider/internal/providers/storage/local/local_storage.go:39.2,40.16 2 12
github.com/aptlogica/sereni-storage-provider/internal/providers/storage/local/local_storage.go:40.16,42.3 1 0
github.com/aptlogica/sereni-storage-provider/internal/providers/storage/local/local_storage.go:45.2,46.20 2 12
github.com/aptlogica/sereni-storage-provider/internal/providers/storage/local/local_storage.go:46.20,48.3 1 9
github.com/aptlogica/sereni-storage-provider/internal/providers/storage/local/local_storage.go:54.2,55.30 2 12
github.com/aptlogica/sereni-storage-provider/internal/providers/storage/local/local_storage.go:55.30,58.3 1 10
github.com/aptlogica/sereni-storage-provider/internal/providers/storage/local/local_storage.go:58.8,63.3 3 2
github.com/aptlogica/sereni-storage-provider/internal/providers/storage/local/local_storage.go:64.2,64.37 1 12
github.com/aptlogica/sereni-storage-provider/internal/providers/storage/local/local_storage.go:64.37,66.3 1 1
github.com/aptlogica/sereni-storage-provider/internal/providers/storage/local/local_storage.go:69.2,78.8 2 12
github.com/aptlogica/sereni-storage-provider/internal/providers/storage/local/local_storage.go:81.85,84.16 2 4
github.com/aptlogica/sereni-storage-provider/internal/providers/storage/local/local_storage.go:84.16,86.3 1 1
github.com/aptlogica/sereni-storage-provider/internal/providers/storage/local/local_storage.go:89.2,90.16 2 3
github.com/aptlogica/sereni-storage-provider/internal/providers/storage/local/local_storage.go:90.16,91.25 1 1
github.com/aptlogica/sereni-storage-provider/internal/providers/storage/local/local_storage.go:91.25,93.4 1 1
github.com/aptlogica/sereni-storage-provider/internal/providers/storage/local/local_storage.go:94.3,94.13 1 0
github.com/aptlogica/sereni-storage-provider/internal/providers/storage/local/local_storage.go:97.2,97.22 1 2
github.com/aptlogica/sereni-storage-provider/internal/providers/storage/local/local_storage.go:97.22,99.3 1 1
github.com/aptlogica/sereni-storage-provider/internal/providers/storage/local/local_storage.go:101.2,101.44 1 1
github.com/aptlogica/sereni-storage-provider/internal/providers/storage/local/local_storage.go:101.44,103.3 1 0
github.com/aptlogica/sereni-storage-provider/internal/providers/storage/local/local_storage.go:104.2,104.12 1 1
github.com/aptlogica/sereni-storage-provider/internal/providers/storage/local/local_storage.go:107.104,109.16 2 3
github.com/aptlogica/sereni-storage-provider/internal/providers/storage/local/local_storage.go:109.16,111.3 1 1
github.com/aptlogica/sereni-storage-provider/internal/providers/storage/local/local_storage.go:112.2,113.16 2 2
github.com/aptlogica/sereni-storage-provider/internal/providers/storage/local/local_storage.go:113.16,114.25 1 1
github.com/aptlogica/sereni-storage-provider/internal/providers/storage/local/local_storage.go:114.25,116.4 1 1
github.com/aptlogica/sereni-storage-provider/internal/providers/storage/local/local_storage.go:117.3,117.18 1 0
github.com/aptlogica/sereni-storage-provider/internal/providers/storage/local/local_storage.go:119.2,119.15 1 1
github.com/aptlogica/sereni-storage-provider/internal/providers/storage/local/local_storage.go:122.93,124.16 2 3
github.com/aptlogica/sereni-storage-provider/internal/providers/storage/local/local_storage.go:124.16,126.3 1 1
github.com/aptlogica/sereni-storage-provider/internal/providers/storage/local/local_storage.go:127.2,128.16 2 2
github.com/aptlogica/sereni-storage-provider/internal/providers/storage/local/local_storage.go:128.16,130.3 1 1
github.com/aptlogica/sereni-storage-provider/internal/providers/storage/local/local_storage.go:131.2,131.24 1 1
github.com/aptlogica/sereni-storage-provider/internal/providers/storage/local/local_storage.go:131.24,133.3 1 1
github.com/aptlogica/sereni-storage-provider/internal/providers/storage/local/local_storage.go:134.2,134.19 1 0
github.com/aptlogica/sereni-storage-provider/internal/providers/storage/local/local_storage.go:137.145,139.79 1 8
github.com/aptlogica/sereni-storage-provider/internal/providers/storage/local/local_storage.go:139.79,141.3 1 1
github.com/aptlogica/sereni-storage-provider/internal/providers/storage/local/local_storage.go:143.2,144.16 2 7
github.com/aptlogica/sereni-storage-provider/internal/providers/storage/local/local_storage.go:144.16,146.3 1 0
github.com/aptlogica/sereni-storage-provider/internal/providers/storage/local/local_storage.go:149.2,149.66 1 7
github.com/aptlogica/sereni-storage-provider/internal/providers/storage/local/local_storage.go:149.66,151.3 1 0
github.com/aptlogica/sereni-storage-provider/internal/providers/storage/local/local_storage.go:153.2,154.16 2 7
github.com/aptlogica/sereni-storage-provider/internal/providers/storage/local/local_storage.go:154.16,156.3 1 0
github.com/aptlogica/sereni-storage-provider/internal/providers/storage/local/local_storage.go:157.2,160.14 2 7
github.com/aptlogica/sereni-storage-provider/internal/providers/storage/local/local_storage.go:160.14,162.3 1 6
github.com/aptlogica/sereni-storage-provider/internal/providers/storage/local/local_storage.go:162.8,164.3 1 1
github.com/aptlogica/sereni-storage-provider/internal/providers/storage/local/local_storage.go:166.2,166.16 1 7
github.com/aptlogica/sereni-storage-provider/internal/providers/storage/local/local_storage.go:166.16,168.3 1 0
github.com/aptlogica/sereni-storage-provider/internal/providers/storage/local/local_storage.go:170.2,170.34 1 7
github.com/aptlogica/sereni-storage-provider/internal/providers/storage/local/local_storage.go:173.95,179.2 2 9
github.com/aptlogica/sereni-storage-provider/internal/providers/storage/local/local_storage.go:181.71,183.43 1 2
github.com/aptlogica/sereni-storage-provider/internal/providers/storage/local/local_storage.go:183.43,185.3 1 1
github.com/aptlogica/sereni-storage-provider/internal/providers/storage/local/local_storage.go:186.2,186.12 1 1
github.com/aptlogica/sereni-storage-provider/internal/providers/storage/local/local_storage.go:191.95,193.16 2 5
github.com/aptlogica/sereni-storage-provider/internal/providers/storage/local/local_storage.go:193.16,195.3 1 1
github.com/aptlogica/sereni-storage-provider/internal/providers/storage/local/local_storage.go:197.2,198.16 2 4
github.com/aptlogica/sereni-storage-provider/internal/providers/storage/local/local_storage.go:198.16,199.25 1 1
github.com/aptlogica/sereni-storage-provider/internal/providers/storage/local/local_storage.go:199.25,201.4 1 1
github.com/aptlogica/sereni-storage-provider/internal/providers/storage/local/local_storage.go:202.3,202.23 1 0
github.com/aptlogica/sereni-storage-provider/internal/providers/storage/local/local_storage.go:205.2,205.22 1 3
github.com/aptlogica/sereni-storage-provider/internal/providers/storage/local/local_storage.go:205.22,207.17 2 1
github.com/aptlogica/sereni-storage-provider/internal/providers/storage/local/local_storage.go:207.17,209.4 1 0
github.com/aptlogica/sereni-storage-provider/internal/providers/storage/local/local_storage.go:210.3,210.25 1 1
github.com/aptlogica/sereni-storage-provider/internal/providers/storage/local/local_storage.go:213.2,213.36 1 2
github.com/aptlogica/sereni-storage-provider/internal/providers/storage/minio/minio_storage.go:27.130,28.16 1 3
github.com/aptlogica/sereni-storage-provider/internal/providers/storage/minio/minio_storage.go:28.16,30.3 1 0
github.com/aptlogica/sereni-storage-provider/internal/providers/storage/minio/minio_storage.go:31.2,35.16 2 3
github.com/aptlogica/sereni-storage-provider/internal/providers/storage/minio/minio_storage.go:35.16,37.3 1 1
github.com/aptlogica/sereni-storage-provider/internal/providers/storage/minio/minio_storage.go:40.2,44.16 4 2
github.com/aptlogica/sereni-storage-provider/internal/providers/storage/minio/minio_storage.go:44.16,46.3 1 2
github.com/aptlogica/sereni-storage-provider/internal/providers/storage/minio/minio_storage.go:47.2,47.13 1 0
github.com/aptlogica/sereni-storage-provider/internal/providers/storage/minio/minio_storage.go:47.13,52.3 1 0
github.com/aptlogica/sereni-storage-provider/internal/providers/storage/minio/minio_storage.go:57.2,64.8 3 0
github.com/aptlogica/sereni-storage-provider/internal/providers/storage/minio/minio_storage.go:67.85,69.2 1 2
github.com/aptlogica/sereni-storage-provider/internal/providers/storage/minio/minio_storage.go:71.104,73.16 2 1
github.com/aptlogica/sereni-storage-provider/internal/providers/storage/minio/minio_storage.go:73.16,75.3 1 1
github.com/aptlogica/sereni-storage-provider/internal/providers/storage/minio/minio_storage.go:77.2,78.16 2 0
github.com/aptlogica/sereni-storage-provider/internal/providers/storage/minio/minio_storage.go:78.16,80.3 1 0
github.com/aptlogica/sereni-storage-provider/internal/providers/storage/minio/minio_storage.go:81.2,81.17 1 0
github.com/aptlogica/sereni-storage-provider/internal/providers/storage/minio/minio_storage.go:84.93,86.16 2 3
github.com/aptlogica/sereni-storage-provider/internal/providers/storage/minio/minio_storage.go:86.16,87.53 1 2
github.com/aptlogica/sereni-storage-provider/internal/providers/storage/minio/minio_storage.go:87.53,89.4 1 1
github.com/aptlogica/sereni-storage-provider/internal/providers/storage/minio/minio_storage.go:90.3,90.20 1 1
github.com/aptlogica/sereni-storage-provider/internal/providers/storage/minio/minio_storage.go:92.2,92.18 1 1
github.com/aptlogica/sereni-storage-provider/internal/providers/storage/minio/minio_storage.go:95.145,102.16 2 2
github.com/aptlogica/sereni-storage-provider/internal/providers/storage/minio/minio_storage.go:102.16,104.3 1 1
github.com/aptlogica/sereni-storage-provider/internal/providers/storage/minio/minio_storage.go:106.2,106.34 1 1
github.com/aptlogica/sereni-storage-provider/internal/providers/storage/minio/minio_storage.go:109.95,114.2 2 2
github.com/aptlogica/sereni-storage-provider/internal/providers/storage/minio/minio_storage.go:116.71,119.16 2 3
github.com/aptlogica/sereni-storage-provider/internal/providers/storage/minio/minio_storage.go:119.16,121.3 1 1
github.com/aptlogica/sereni-storage-provider/internal/providers/storage/minio/minio_storage.go:122.2,122.13 1 2
github.com/aptlogica/sereni-storage-provider/internal/providers/storage/minio/minio_storage.go:122.13,124.3 1 1
github.com/aptlogica/sereni-storage-provider/internal/providers/storage/minio/minio_storage.go:125.2,125.12 1 1
github.com/aptlogica/sereni-storage-provider/internal/providers/storage/minio/minio_storage.go:131.101,134.16 2 7
github.com/aptlogica/sereni-storage-provider/internal/providers/storage/minio/minio_storage.go:134.16,137.3 1 3
github.com/aptlogica/sereni-storage-provider/internal/providers/storage/minio/minio_storage.go:140.2,140.40 1 4
github.com/aptlogica/sereni-storage-provider/internal/providers/storage/minio/minio_storage.go:140.40,143.3 2 2
github.com/aptlogica/sereni-storage-provider/internal/providers/storage/minio/minio_storage.go:146.2,146.71 1 2
github.com/aptlogica/sereni-storage-provider/internal/providers/storage/minio/minio_storage.go:150.100,152.53 1 2
github.com/aptlogica/sereni-storage-provider/internal/providers/storage/minio/minio_storage.go:152.53,154.3 1 0
github.com/aptlogica/sereni-storage-provider/internal/providers/storage/minio/minio_storage.go:156.2,163.64 3 2
github.com/aptlogica/sereni-storage-provider/internal/providers/storage/minio/minio_storage.go:163.64,164.24 1 3
github.com/aptlogica/sereni-storage-provider/internal/providers/storage/minio/minio_storage.go:164.24,166.4 1 0
github.com/aptlogica/sereni-storage-provider/internal/providers/storage/minio/minio_storage.go:167.3,167.27 1 3
github.com/aptlogica/sereni-storage-provider/internal/providers/storage/minio/minio_storage.go:170.2,170.23 1 2
github.com/aptlogica/sereni-storage-provider/internal/providers/storage/s3/s3_storage.go:31.97,33.16 2 4
github.com/aptlogica/sereni-storage-provider/internal/providers/storage/s3/s3_storage.go:33.16,35.3 1 0
github.com/aptlogica/sereni-storage-provider/internal/providers/storage/s3/s3_storage.go:40.2,46.16 3 4
github.com/aptlogica/sereni-storage-provider/internal/providers/storage/s3/s3_storage.go:46.16,48.3 1 0
github.com/aptlogica/sereni-storage-provider/internal/providers/storage/s3/s3_storage.go:50.2,50.57 1 4
github.com/aptlogica/sereni-storage-provider/internal/providers/storage/s3/s3_storage.go:50.57,51.23 1 4
github.com/aptlogica/sereni-storage-provider/internal/providers/storage/s3/s3_storage.go:51.23,53.4 1 0
github.com/aptlogica/sereni-storage-provider/internal/providers/storage/s3/s3_storage.go:54.3,54.25 1 4
github.com/aptlogica/sereni-storage-provider/internal/providers/storage/s3/s3_storage.go:54.25,56.4 1 0
github.com/aptlogica/sereni-storage-provider/internal/providers/storage/s3/s3_storage.go:59.2,66.8 2 4
github.com/aptlogica/sereni-storage-provider/internal/providers/storage/s3/s3_storage.go:69.82,75.2 2 2
github.com/aptlogica/sereni-storage-provider/internal/providers/storage/s3/s3_storage.go:77.101,82.16 2 2
github.com/aptlogica/sereni-storage-provider/internal/providers/storage/s3/s3_storage.go:82.16,84.3 1 1
github.com/aptlogica/sereni-storage-provider/internal/providers/storage/s3/s3_storage.go:85.2,85.22 1 1
github.com/aptlogica/sereni-storage-provider/internal/providers/storage/s3/s3_storage.go:88.90,93.16 2 2
github.com/aptlogica/sereni-storage-provider/internal/providers/storage/s3/s3_storage.go:93.16,95.3 1 1
github.com/aptlogica/sereni-storage-provider/internal/providers/storage/s3/s3_storage.go:96.2,96.18 1 1
github.com/aptlogica/sereni-storage-provider/internal/providers/storage/s3/s3_storage.go:99.142,108.16 3 2
github.com/aptlogica/sereni-storage-provider/internal/providers/storage/s3/s3_storage.go:108.16,110.3 1 1
github.com/aptlogica/sereni-storage-provider/internal/providers/storage/s3/s3_storage.go:112.2,112.34 1 1
github.com/aptlogica/sereni-storage-provider/internal/providers/storage/s3/s3_storage.go:115.92,116.45 1 3
github.com/aptlogica/sereni-storage-provider/internal/providers/storage/s3/s3_storage.go:116.45,122.17 3 1
github.com/aptlogica/sereni-storage-provider/internal/providers/storage/s3/s3_storage.go:122.17,125.4 1 0
github.com/aptlogica/sereni-storage-provider/internal/providers/storage/s3/s3_storage.go:126.3,126.22 1 1
github.com/aptlogica/sereni-storage-provider/internal/providers/storage/s3/s3_storage.go:129.2,129.94 1 2
github.com/aptlogica/sereni-storage-provider/internal/providers/storage/s3/s3_storage.go:132.68,137.16 2 2
github.com/aptlogica/sereni-storage-provider/internal/providers/storage/s3/s3_storage.go:137.16,139.3 1 1
github.com/aptlogica/sereni-storage-provider/internal/providers/storage/s3/s3_storage.go:140.2,140.12 1 1
github.com/aptlogica/sereni-storage-provider/internal/providers/storage/s3/s3_storage.go:146.98,152.44 2 6
github.com/aptlogica/sereni-storage-provider/internal/providers/storage/s3/s3_storage.go:152.44,155.3 1 2
github.com/aptlogica/sereni-storage-provider/internal/providers/storage/s3/s3_storage.go:158.2,158.40 1 4
github.com/aptlogica/sereni-storage-provider/internal/providers/storage/s3/s3_storage.go:158.40,161.3 2 2
github.com/aptlogica/sereni-storage-provider/internal/providers/storage/s3/s3_storage.go:164.2,164.71 1 2
github.com/aptlogica/sereni-storage-provider/internal/providers/storage/s3/s3_storage.go:168.97,170.53 1 2
github.com/aptlogica/sereni-storage-provider/internal/providers/storage/s3/s3_storage.go:170.53,172.3 1 0
github.com/aptlogica/sereni-storage-provider/internal/providers/storage/s3/s3_storage.go:174.2,180.31 3 2
github.com/aptlogica/sereni-storage-provider/internal/providers/storage/s3/s3_storage.go:180.31,182.17 2 2
github.com/aptlogica/sereni-storage-provider/internal/providers/storage/s3/s3_storage.go:182.17,184.4 1 0
github.com/aptlogica/sereni-storage-provider/internal/providers/storage/s3/s3_storage.go:186.3,186.37 1 2
github.com/aptlogica/sereni-storage-provider/internal/providers/storage/s3/s3_storage.go:186.37,187.23 1 3
github.com/aptlogica/sereni-storage-provider/internal/providers/storage/s3/s3_storage.go:187.23,189.5 1 3
github.com/aptlogica/sereni-storage-provider/internal/providers/storage/s3/s3_storage.go:193.2,193.23 1 2
github.com/aptlogica/sereni-storage-provider/internal/services/storage_service.go:23.77,27.2 1 47
github.com/aptlogica/sereni-storage-provider/internal/services/storage_service.go:31.40,46.14 5 52
github.com/aptlogica/sereni-storage-provider/internal/services/storage_service.go:46.14,48.3 1 4
github.com/aptlogica/sereni-storage-provider/internal/services/storage_service.go:49.2,49.32 1 48
github.com/aptlogica/sereni-storage-provider/internal/services/storage_service.go:49.32,51.3 1 5
github.com/aptlogica/sereni-storage-provider/internal/services/storage_service.go:53.2,54.10 2 43
github.com/aptlogica/sereni-storage-provider/internal/services/storage_service.go:62.123,64.16 2 8
github.com/aptlogica/sereni-storage-provider/internal/services/storage_service.go:64.16,66.3 1 0
github.com/aptlogica/sereni-storage-provider/internal/services/storage_service.go:67.2,74.68 3 8
github.com/aptlogica/sereni-storage-provider/internal/services/storage_service.go:74.68,76.20 2 8
github.com/aptlogica/sereni-storage-provider/internal/services/storage_service.go:76.20,78.4 1 0
github.com/aptlogica/sereni-storage-provider/internal/services/storage_service.go:78.9,78.53 1 8
github.com/aptlogica/sereni-storage-provider/internal/services/storage_service.go:78.53,80.4 1 8
github.com/aptlogica/sereni-storage-provider/internal/services/storage_service.go:82.2,83.21 2 8
github.com/aptlogica/sereni-storage-provider/internal/services/storage_service.go:83.21,86.3 1 1
github.com/aptlogica/sereni-storage-provider/internal/services/storage_service.go:88.2,88.34 1 8
github.com/aptlogica/sereni-storage-provider/internal/services/storage_service.go:88.34,90.3 1 2
github.com/aptlogica/sereni-storage-provider/internal/services/storage_service.go:92.2,93.16 2 8
github.com/aptlogica/sereni-storage-provider/internal/services/storage_service.go:93.16,95.3 1 2
github.com/aptlogica/sereni-storage-provider/internal/services/storage_service.go:97.2,100.8 1 6
github.com/aptlogica/sereni-storage-provider/internal/services/storage_service.go:103.91,105.2 1 5
github.com/aptlogica/sereni-storage-provider/internal/services/storage_service.go:107.77,109.2 1 5
github.com/aptlogica/sereni-storage-provider/internal/services/storage_service.go:111.85,113.2 1 1
github.com/aptlogica/sereni-storage-provider/internal/services/storage_service.go:115.87,117.2 1 1
github.com/aptlogica/sereni-storage-provider/internal/services/storage_service.go:119.65,121.2 1 4
github.com/aptlogica/sereni-storage-provider/internal/services/storage_service.go:124.89,126.21 2 14
github.com/aptlogica/sereni-storage-provider/internal/services/storage_service.go:126.21,128.3 1 2
github.com/aptlogica/sereni-storage-provider/internal/services/storage_service.go:129.2,129.43 1 12
github.com/aptlogica/sereni-storage-provider/internal/utils/file/file.go:13.64,15.16 2 15
github.com/aptlogica/sereni-storage-provider/internal/utils/file/file.go:15.16,16.17 1 7
github.com/aptlogica/sereni-storage-provider/internal/utils/file/file.go:16.17,18.4 1 6
github.com/aptlogica/sereni-storage-provider/internal/utils/file/file.go:19.3,19.21 1 1
github.com/aptlogica/sereni-storage-provider/internal/utils/file/file.go:21.2,21.24 1 8
github.com/aptlogica/sereni-storage-provider/internal/utils/file/file.go:21.24,23.3 1 8
github.com/aptlogica/sereni-storage-provider/internal/utils/file/file.go:24.2,24.12 1 0
github.com/aptlogica/sereni-storage-provider/internal/utils/file/file.go:30.61,35.29 3 27
github.com/aptlogica/sereni-storage-provider/internal/utils/file/file.go:35.29,37.3 1 1
github.com/aptlogica/sereni-storage-provider/internal/utils/file/file.go:40.2,41.16 2 27
github.com/aptlogica/sereni-storage-provider/internal/utils/file/file.go:41.16,43.3 1 0
github.com/aptlogica/sereni-storage-provider/internal/utils/file/file.go:46.2,46.34 1 27
github.com/aptlogica/sereni-storage-provider/internal/utils/file/file.go:46.34,48.3 1 5
github.com/aptlogica/sereni-storage-provider/internal/utils/file/file.go:51.2,51.60 1 22
github.com/aptlogica/sereni-storage-provider/internal/utils/file/file.go:55.51,57.79 2 3
github.com/aptlogica/sereni-storage-provider/internal/utils/file/file.go:57.79,58.17 1 8
github.com/aptlogica/sereni-storage-provider/internal/utils/file/file.go:58.17,60.4 1 1
github.com/aptlogica/sereni-storage-provider/internal/utils/file/file.go:61.3,61.20 1 7
github.com/aptlogica/sereni-storage-provider/internal/utils/file/file.go:61.20,63.4 1 4
github.com/aptlogica/sereni-storage-provider/internal/utils/file/file.go:64.3,64.13 1 7
github.com/aptlogica/sereni-storage-provider/internal/utils/file/file.go:66.2,66.18 1 3
